<?xml version="1.0" encoding="UTF-8"?>
<!-- Generated by org.testng.reporters.JUnitXMLReporter -->
<testsuite ignored="0" hostname="Dilip" failures="0" tests="3" name="Default test" time="5.507" errors="0" timestamp="2024-10-10T22:51:33 IST">
  <testcase classname="Java.Create_new_booking" name="buissinessLoginPost" time="2.617"/>
  <testcase classname="Java.Create_new_booking" name="validateBookingTest" time="1.309"/>
  <testcase classname="Java.Create_new_booking" name="addBookingNegativeTest" time="1.077"/>
</testsuite> <!-- Default test -->
