<?xml version="1.0" encoding="UTF-8"?>
<testng-results ignored="0" total="3" passed="3" failed="0" skipped="0">
  <reporter-output>
  </reporter-output>
  <suite started-at="2024-10-10T22:51:27 IST" name="Default suite" finished-at="2024-10-10T22:51:33 IST" duration-ms="5507">
    <groups>
    </groups>
    <test started-at="2024-10-10T22:51:27 IST" name="Default test" finished-at="2024-10-10T22:51:33 IST" duration-ms="5507">
      <class name="Java.Create_new_booking">
        <test-method is-config="true" signature="beforeClass()[pri:0, instance:Java.Create_new_booking@765d7657]" started-at="2024-10-10T22:51:27 IST" name="beforeClass" finished-at="2024-10-10T22:51:28 IST" duration-ms="471" status="PASS">
          <reporter-output>
          </reporter-output>
        </test-method> <!-- beforeClass -->
        <test-method signature="buissinessLoginPost()[pri:1, instance:Java.Create_new_booking@765d7657]" started-at="2024-10-10T22:51:28 IST" name="buissinessLoginPost" description="Create_new_booking" finished-at="2024-10-10T22:51:30 IST" duration-ms="2617" status="PASS">
          <reporter-output>
          </reporter-output>
        </test-method> <!-- buissinessLoginPost -->
        <test-method signature="validateBookingTest()[pri:2, instance:Java.Create_new_booking@765d7657]" started-at="2024-10-10T22:51:30 IST" name="validateBookingTest" description="fetch with booking Id" finished-at="2024-10-10T22:51:32 IST" duration-ms="1309" status="PASS">
          <reporter-output>
          </reporter-output>
        </test-method> <!-- validateBookingTest -->
        <test-method signature="addBookingNegativeTest()[pri:3, instance:Java.Create_new_booking@765d7657]" started-at="2024-10-10T22:51:32 IST" name="addBookingNegativeTest" description="Create_new_booking" finished-at="2024-10-10T22:51:33 IST" duration-ms="1077" status="PASS">
          <reporter-output>
          </reporter-output>
        </test-method> <!-- addBookingNegativeTest -->
      </class> <!-- Java.Create_new_booking -->
    </test> <!-- Default test -->
  </suite> <!-- Default suite -->
</testng-results>
